app/build/intermediates/manifest_merge_blame_file/debug/manifest-merger-blame-debug-report.txt
1<?xml version="1.0" encoding="utf-8"?>
2<manifest xmlns:android="http://schemas.android.com/apk/res/android"
3    package="com.dekidea.tuneurl"
4    android:versionCode="40"
5    android:versionName="1.0.40" >
6
7    <uses-sdk
8        android:minSdkVersion="27"
8-->src\main\AndroidManifest.xml
9        android:targetSdkVersion="30" />
9-->src\main\AndroidManifest.xml
10    <!-- suppress AndroidElementNotAllowed -->
11    <queries>
11-->src\main\AndroidManifest.xml:5:5-9:15
12        <intent>
12-->src\main\AndroidManifest.xml:6:9-8:18
13            <action android:name="android.speech.RecognitionService" />
13-->src\main\AndroidManifest.xml:7:13-72
13-->src\main\AndroidManifest.xml:7:21-69
14        </intent>
15    </queries>
16
17    <uses-permission android:name="android.permission.BLUETOOTH" />
17-->src\main\AndroidManifest.xml:11:5-68
17-->src\main\AndroidManifest.xml:11:22-65
18    <uses-permission android:name="android.permission.INTERNET" />
18-->src\main\AndroidManifest.xml:12:5-67
18-->src\main\AndroidManifest.xml:12:22-64
19    <uses-permission android:name="android.permission.ACCESS_NETWORK_STATE" />
19-->src\main\AndroidManifest.xml:13:5-79
19-->src\main\AndroidManifest.xml:13:22-76
20
21    <uses-feature android:name="android.hardware.telephony" />
21-->src\main\AndroidManifest.xml:15:5-63
21-->src\main\AndroidManifest.xml:15:19-60
22
23    <uses-permission android:name="android.permission.READ_PHONE_STATE" />
23-->src\main\AndroidManifest.xml:17:5-75
23-->src\main\AndroidManifest.xml:17:22-72
24    <uses-permission android:name="android.permission.CALL_PHONE" />
24-->src\main\AndroidManifest.xml:18:5-69
24-->src\main\AndroidManifest.xml:18:22-66
25    <uses-permission android:name="android.permission.PROCESS_OUTGOING_CALLS" />
25-->src\main\AndroidManifest.xml:19:5-81
25-->src\main\AndroidManifest.xml:19:22-78
26    <uses-permission android:name="android.permission.RECORD_AUDIO" />
26-->src\main\AndroidManifest.xml:20:5-71
26-->src\main\AndroidManifest.xml:20:22-68
27    <uses-permission android:name="android.permission.WAKE_LOCK" />
27-->src\main\AndroidManifest.xml:21:5-68
27-->src\main\AndroidManifest.xml:21:22-65
28    <uses-permission android:name="android.permission.RECEIVE_BOOT_COMPLETED" />
28-->src\main\AndroidManifest.xml:22:5-81
28-->src\main\AndroidManifest.xml:22:22-78
29    <uses-permission android:name="android.permission.REQUEST_IGNORE_BATTERY_OPTIMIZATIONS" />
29-->src\main\AndroidManifest.xml:23:5-95
29-->src\main\AndroidManifest.xml:23:22-92
30    <uses-permission android:name="android.permission.FOREGROUND_SERVICE" />
30-->src\main\AndroidManifest.xml:24:5-77
30-->src\main\AndroidManifest.xml:24:22-74
31    <uses-permission android:name="android.permission.ACTION_MANAGE_OVERLAY_PERMISSION" />
31-->src\main\AndroidManifest.xml:25:5-91
31-->src\main\AndroidManifest.xml:25:22-88
32    <uses-permission android:name="android.permission.SYSTEM_ALERT_WINDOW" />
32-->src\main\AndroidManifest.xml:26:5-78
32-->src\main\AndroidManifest.xml:26:22-75
33    <uses-permission android:name="android.permission.MODIFY_AUDIO_SETTINGS" />
33-->src\main\AndroidManifest.xml:27:5-80
33-->src\main\AndroidManifest.xml:27:22-77
34
35    <application
35-->src\main\AndroidManifest.xml:29:5-89:19
36        android:name="com.dekidea.tuneurl.App"
36-->src\main\AndroidManifest.xml:30:9-28
37        android:allowBackup="false"
37-->src\main\AndroidManifest.xml:31:9-36
38        android:appComponentFactory="android.support.v4.app.CoreComponentFactory"
38-->[com.android.support:support-compat:28.0.0] AndroidManifest.xml:22:18-91
39        android:debuggable="true"
40        android:extractNativeLibs="false"
41        android:icon="@mipmap/ic_launcher"
41-->src\main\AndroidManifest.xml:32:9-43
42        android:label="@string/app_name"
42-->src\main\AndroidManifest.xml:33:9-41
43        android:testOnly="true"
44        android:usesCleartextTraffic="true" >
44-->src\main\AndroidManifest.xml:34:9-44
45
46        <!-- android:requestLegacyExternalStorage="true" -->
47        <activity
47-->src\main\AndroidManifest.xml:36:9-48:20
48            android:name="com.dekidea.tuneurl.activity.MainActivity"
48-->src\main\AndroidManifest.xml:37:13-50
49            android:allowTaskReparenting="false"
49-->src\main\AndroidManifest.xml:38:13-49
50            android:label="@string/app_name"
50-->src\main\AndroidManifest.xml:39:13-45
51            android:launchMode="singleTask"
51-->src\main\AndroidManifest.xml:40:13-44
52            android:screenOrientation="portrait"
52-->src\main\AndroidManifest.xml:41:13-49
53            android:theme="@style/Theme.AppCompat.NoActionBar" >
53-->src\main\AndroidManifest.xml:42:13-63
54            <intent-filter android:label="@string/app_name" >
54-->src\main\AndroidManifest.xml:43:13-47:29
54-->src\main\AndroidManifest.xml:43:28-60
55                <action android:name="android.intent.action.MAIN" />
55-->src\main\AndroidManifest.xml:44:17-69
55-->src\main\AndroidManifest.xml:44:25-66
56
57                <category android:name="android.intent.category.LAUNCHER" />
57-->src\main\AndroidManifest.xml:46:17-77
57-->src\main\AndroidManifest.xml:46:27-74
58            </intent-filter>
59        </activity>
60        <activity
60-->src\main\AndroidManifest.xml:49:9-55:72
61            android:name="com.dekidea.tuneurl.activity.AlertActivity"
61-->src\main\AndroidManifest.xml:50:13-51
62            android:allowTaskReparenting="true"
62-->src\main\AndroidManifest.xml:51:13-48
63            android:label="@string/news_alert_label"
63-->src\main\AndroidManifest.xml:52:13-53
64            android:launchMode="singleTask"
64-->src\main\AndroidManifest.xml:53:13-44
65            android:screenOrientation="portrait"
65-->src\main\AndroidManifest.xml:54:13-49
66            android:theme="@android:style/Theme.NoTitleBar" />
66-->src\main\AndroidManifest.xml:55:13-60
67
68        <service
68-->src\main\AndroidManifest.xml:57:9-60:68
69            android:name="com.dekidea.tuneurl.service.SoundListenerService"
69-->src\main\AndroidManifest.xml:58:13-57
70            android:exported="true"
70-->src\main\AndroidManifest.xml:59:13-36
71            android:permission="android.permission.RECORD_AUDIO" />
71-->src\main\AndroidManifest.xml:60:13-65
72        <service
72-->src\main\AndroidManifest.xml:61:9-63:63
73            android:name="com.dekidea.tuneurl.service.MediaProjectionServer"
73-->src\main\AndroidManifest.xml:62:13-58
74            android:foregroundServiceType="mediaProjection" />
74-->src\main\AndroidManifest.xml:63:13-60
75        <service android:name="com.dekidea.tuneurl.service.APIService" />
75-->src\main\AndroidManifest.xml:64:9-55
75-->src\main\AndroidManifest.xml:64:18-52
76        <service android:name="com.dekidea.tuneurl.service.AutorunService" />
76-->src\main\AndroidManifest.xml:65:9-59
76-->src\main\AndroidManifest.xml:65:18-56
77        <service
77-->src\main\AndroidManifest.xml:66:9-69:80
78            android:name="com.dekidea.tuneurl.service.AutorunJobService"
78-->src\main\AndroidManifest.xml:67:13-54
79            android:exported="true"
79-->src\main\AndroidManifest.xml:68:13-36
80            android:permission="android.permission.BIND_JOB_SERVICE" />
80-->src\main\AndroidManifest.xml:69:13-69
81
82        <receiver android:name="com.dekidea.tuneurl.receiver.ConnectivityChangeReceiver" >
82-->src\main\AndroidManifest.xml:71:9-75:20
82-->src\main\AndroidManifest.xml:71:19-70
83            <intent-filter>
83-->src\main\AndroidManifest.xml:72:13-74:29
84                <action android:name="android.net.conn.CONNECTIVITY_CHANGE" />
84-->src\main\AndroidManifest.xml:73:17-79
84-->src\main\AndroidManifest.xml:73:25-76
85            </intent-filter>
86        </receiver>
87        <receiver android:name="com.dekidea.tuneurl.receiver.BootCompletedReceiver" >
87-->src\main\AndroidManifest.xml:76:9-82:20
87-->src\main\AndroidManifest.xml:76:19-65
88            <intent-filter>
88-->src\main\AndroidManifest.xml:77:13-81:29
89                <action android:name="android.intent.action.BOOT_COMPLETED" />
89-->src\main\AndroidManifest.xml:78:17-79
89-->src\main\AndroidManifest.xml:78:25-76
90
91                <category android:name="android.intent.category.HOME" />
91-->src\main\AndroidManifest.xml:80:17-73
91-->src\main\AndroidManifest.xml:80:27-70
92            </intent-filter>
93        </receiver>
94        <receiver android:name="com.dekidea.tuneurl.receiver.CallReceiver" >
94-->src\main\AndroidManifest.xml:83:9-87:20
94-->src\main\AndroidManifest.xml:83:19-56
95            <intent-filter android:priority="999" >
95-->src\main\AndroidManifest.xml:84:13-86:29
95-->src\main\AndroidManifest.xml:84:28-50
96                <action android:name="android.intent.action.PHONE_STATE" />
96-->src\main\AndroidManifest.xml:85:17-76
96-->src\main\AndroidManifest.xml:85:25-73
97            </intent-filter>
98        </receiver>
99        <receiver android:name="com.dekidea.tuneurl.receiver.HeadsetReceiver" />
99-->src\main\AndroidManifest.xml:88:9-71
99-->src\main\AndroidManifest.xml:88:19-59
100
101        <provider
101-->[android.arch.lifecycle:extensions:1.1.1] AndroidManifest.xml:23:9-27:43
102            android:name="android.arch.lifecycle.ProcessLifecycleOwnerInitializer"
102-->[android.arch.lifecycle:extensions:1.1.1] AndroidManifest.xml:24:13-83
103            android:authorities="com.dekidea.tuneurl.lifecycle-trojan"
103-->[android.arch.lifecycle:extensions:1.1.1] AndroidManifest.xml:25:13-68
104            android:exported="false"
104-->[android.arch.lifecycle:extensions:1.1.1] AndroidManifest.xml:26:13-37
105            android:multiprocess="true" />
105-->[android.arch.lifecycle:extensions:1.1.1] AndroidManifest.xml:27:13-40
106    </application>
107
108</manifest>